2026-02-26 01:55:24,716 [INFO] 
🔍 Phase 2 파이프라인 검증: 50경기
2026-02-26 01:55:24,717 [INFO] ============================================================
2026-02-26 02:00:00,455 [INFO] 
🔍 Phase 2 파이프라인 검증: 50경기
2026-02-26 02:00:00,456 [INFO] ============================================================
2026-02-26 02:00:00,488 [INFO]   추가시간: 전반 2.1분, 후반 0.7분 → T_exp=92.9분
2026-02-26 02:00:00,606 [INFO] 
📊 검증 결과 (48경기):
2026-02-26 02:00:00,609 [INFO]   μ̂_H 평균: 1.512 (실제 홈 골 평균과 비교)
2026-02-26 02:00:00,609 [INFO]   μ̂_A 평균: 1.314
2026-02-26 02:00:00,609 [INFO]   a_H 평균: -4.2002
2026-02-26 02:00:00,609 [INFO]   a_A 평균: -4.3223
2026-02-26 02:00:00,610 [INFO]   홈승: 모델 0.421 vs 실제 0.354
2026-02-26 02:00:00,610 [INFO]   무승부: 모델 0.237 vs 실제 0.188
2026-02-26 02:00:00,610 [INFO]   피처 유효: 29.0/29 평균
2026-02-26 02:04:17,783 [INFO] 
🔬 Phase 1 ↔ Phase 2 피처 일치 검증
2026-02-26 02:04:17,784 [INFO] ============================================================
2026-02-26 02:04:17,792 [INFO]   Phase 1 μ̂: 17680행 로드
2026-02-26 02:04:17,820 [INFO]   추가시간: 전반 2.1분, 후반 0.7분 → T_exp=92.9분
2026-02-26 02:04:18,037 [INFO] 
📊 일치 검증 결과 (98경기):
2026-02-26 02:04:18,037 [INFO]   평균 diff 홈: 0.0000
2026-02-26 02:04:18,037 [INFO]   평균 diff 어웨이: 0.0000
2026-02-26 02:04:18,037 [INFO]   최대 차이: 0.0000
2026-02-26 02:04:18,037 [INFO]   ✅ PASS: 전체 98경기 일치 (허용 오차 0.05)
