2026-02-26 00:49:34,657 [INFO] 🔧 Step 1.4: Joint NLL 최적화
2026-02-26 00:49:34,657 [INFO] ============================================================
2026-02-26 00:49:34,854 [INFO]   μ̂ 로드: 17680행
2026-02-26 00:49:34,855 [INFO]   경기: 8996, 구간: 77234, 골: 25342
2026-02-26 00:49:38,156 [INFO]   텐서: 구간 77234, 골 25342
2026-02-26 00:49:38,158 [INFO] 
🎯 Start 1/5 (seed=0)
2026-02-26 00:49:40,605 [INFO]     [Adam  200] total=127454.1  nll=126893.8  reg_a=560.2  reg_l2=0.00
2026-02-26 00:49:42,602 [INFO]     [Adam  400] total=126843.5  nll=125706.6  reg_a=1136.8  reg_l2=0.01
2026-02-26 00:49:44,150 [INFO]     [Adam  600] total=126656.8  nll=125200.1  reg_a=1456.7  reg_l2=0.01
2026-02-26 00:49:45,681 [INFO]     [Adam  800] total=126598.7  nll=124977.9  reg_a=1620.8  reg_l2=0.01
2026-02-26 00:49:47,238 [INFO]     [Adam 1000] total=126581.8  nll=124877.0  reg_a=1704.9  reg_l2=0.01
2026-02-26 00:49:48,881 [INFO]     [Adam 1200] total=126577.2  nll=124830.8  reg_a=1746.5  reg_l2=0.02
2026-02-26 00:49:50,396 [INFO]     [Adam 1400] total=126576.0  nll=124810.0  reg_a=1765.9  reg_l2=0.02
2026-02-26 00:49:54,240 [INFO]     [L-BFGS  50] total=126575.7  nll=124804.5
2026-02-26 00:49:57,365 [INFO]     [L-BFGS 100] total=126575.7  nll=124804.5
2026-02-26 00:50:00,357 [INFO]     [L-BFGS 150] total=126575.7  nll=124804.5
2026-02-26 00:50:03,290 [INFO]     [L-BFGS 200] total=126575.7  nll=124804.5
2026-02-26 00:50:03,291 [INFO]     최종 loss: 126575.72 (Adam: 126575.80)
2026-02-26 00:50:03,291 [INFO]   ⭐ 새로운 최적! loss=126575.72
2026-02-26 00:50:03,291 [INFO] 
🎯 Start 2/5 (seed=1)
2026-02-26 00:50:04,863 [INFO]     [Adam  200] total=127366.0  nll=126800.4  reg_a=565.6  reg_l2=0.00
2026-02-26 00:50:06,385 [INFO]     [Adam  400] total=126803.0  nll=125655.4  reg_a=1147.6  reg_l2=0.01
2026-02-26 00:50:07,934 [INFO]     [Adam  600] total=126641.9  nll=125172.8  reg_a=1469.2  reg_l2=0.01
2026-02-26 00:50:09,473 [INFO]     [Adam  800] total=126594.5  nll=124963.8  reg_a=1630.7  reg_l2=0.01
2026-02-26 00:50:11,004 [INFO]     [Adam 1000] total=126580.9  nll=124870.2  reg_a=1710.7  reg_l2=0.02
2026-02-26 00:50:12,535 [INFO]     [Adam 1200] total=126577.0  nll=124827.9  reg_a=1749.2  reg_l2=0.02
2026-02-26 00:50:14,092 [INFO]     [Adam 1400] total=126575.9  nll=124808.9  reg_a=1767.0  reg_l2=0.02
2026-02-26 00:50:17,810 [INFO]     [L-BFGS  50] total=126575.5  nll=124796.5
2026-02-26 00:50:20,848 [INFO]     [L-BFGS 100] total=126575.5  nll=124796.5
2026-02-26 00:50:24,374 [INFO]     [L-BFGS 150] total=126575.5  nll=124796.5
2026-02-26 00:50:28,643 [INFO]     [L-BFGS 200] total=126575.5  nll=124796.5
2026-02-26 00:50:28,645 [INFO]     최종 loss: 126575.46 (Adam: 126575.77)
2026-02-26 00:50:28,645 [INFO]   ⭐ 새로운 최적! loss=126575.46
2026-02-26 00:50:28,645 [INFO] 
🎯 Start 3/5 (seed=2)
2026-02-26 00:50:30,595 [INFO]     [Adam  200] total=127386.7  nll=126822.4  reg_a=564.3  reg_l2=0.00
2026-02-26 00:50:33,115 [INFO]     [Adam  400] total=126815.7  nll=125670.7  reg_a=1144.9  reg_l2=0.01
2026-02-26 00:50:34,921 [INFO]     [Adam  600] total=126648.0  nll=125182.8  reg_a=1465.2  reg_l2=0.01
2026-02-26 00:50:36,521 [INFO]     [Adam  800] total=126596.5  nll=124969.4  reg_a=1627.1  reg_l2=0.01
2026-02-26 00:50:38,079 [INFO]     [Adam 1000] total=126581.4  nll=124873.0  reg_a=1708.4  reg_l2=0.01
2026-02-26 00:50:39,610 [INFO]     [Adam 1200] total=126577.1  nll=124829.1  reg_a=1748.0  reg_l2=0.02
2026-02-26 00:50:41,471 [INFO]     [Adam 1400] total=126575.9  nll=124809.4  reg_a=1766.5  reg_l2=0.02
2026-02-26 00:50:45,338 [INFO]     [L-BFGS  50] total=126575.7  nll=124804.1
2026-02-26 00:50:48,055 [INFO]     [L-BFGS 100] total=126575.7  nll=124804.1
2026-02-26 00:50:50,980 [INFO]     [L-BFGS 150] total=126575.7  nll=124804.1
2026-02-26 00:50:53,316 [INFO]     [L-BFGS 200] total=126575.7  nll=124804.1
2026-02-26 00:50:53,318 [INFO]     최종 loss: 126575.71 (Adam: 126575.78)
2026-02-26 00:50:53,318 [INFO] 
🎯 Start 4/5 (seed=3)
2026-02-26 00:50:54,914 [INFO]     [Adam  200] total=127421.2  nll=126856.1  reg_a=565.1  reg_l2=0.00
2026-02-26 00:50:56,445 [INFO]     [Adam  400] total=126827.4  nll=125685.3  reg_a=1142.1  reg_l2=0.01
2026-02-26 00:50:58,134 [INFO]     [Adam  600] total=126650.9  nll=125188.2  reg_a=1462.8  reg_l2=0.01
2026-02-26 00:50:59,899 [INFO]     [Adam  800] total=126597.1  nll=124970.9  reg_a=1626.3  reg_l2=0.01
2026-02-26 00:51:01,483 [INFO]     [Adam 1000] total=126581.5  nll=124873.2  reg_a=1708.3  reg_l2=0.01
2026-02-26 00:51:03,088 [INFO]     [Adam 1200] total=126577.1  nll=124829.0  reg_a=1748.1  reg_l2=0.02
2026-02-26 00:51:05,037 [INFO]     [Adam 1400] total=126575.9  nll=124809.3  reg_a=1766.6  reg_l2=0.02
2026-02-26 00:51:09,009 [INFO]     [L-BFGS  50] total=126575.7  nll=124804.1
2026-02-26 00:51:11,145 [INFO]     [L-BFGS 100] total=126575.7  nll=124804.1
2026-02-26 00:51:13,676 [INFO]     [L-BFGS 150] total=126575.7  nll=124804.1
2026-02-26 00:51:16,426 [INFO]     [L-BFGS 200] total=126575.7  nll=124804.1
2026-02-26 00:51:16,428 [INFO]     최종 loss: 126575.71 (Adam: 126575.78)
2026-02-26 00:51:16,428 [INFO] 
🎯 Start 5/5 (seed=4)
2026-02-26 00:51:18,135 [INFO]     [Adam  200] total=127341.1  nll=126770.7  reg_a=570.4  reg_l2=0.00
2026-02-26 00:51:19,835 [INFO]     [Adam  400] total=126792.4  nll=125641.2  reg_a=1151.1  reg_l2=0.01
2026-02-26 00:51:21,439 [INFO]     [Adam  600] total=126639.8  nll=125170.1  reg_a=1469.7  reg_l2=0.01
2026-02-26 00:51:22,984 [INFO]     [Adam  800] total=126594.2  nll=124963.6  reg_a=1630.6  reg_l2=0.01
2026-02-26 00:51:24,519 [INFO]     [Adam 1000] total=126580.8  nll=124870.2  reg_a=1710.6  reg_l2=0.02
2026-02-26 00:51:26,653 [INFO]     [Adam 1200] total=126577.0  nll=124827.8  reg_a=1749.2  reg_l2=0.02
2026-02-26 00:51:28,810 [INFO]     [Adam 1400] total=126575.9  nll=124808.8  reg_a=1767.1  reg_l2=0.02
2026-02-26 00:51:33,664 [INFO]     [L-BFGS  50] total=126575.5  nll=124797.6
2026-02-26 00:51:37,492 [INFO]     [L-BFGS 100] total=126575.5  nll=124797.6
2026-02-26 00:51:40,542 [INFO]     [L-BFGS 150] total=126575.5  nll=124796.9
2026-02-26 00:51:43,131 [INFO]     [L-BFGS 200] total=126575.5  nll=124796.6
2026-02-26 00:51:43,133 [INFO]     최종 loss: 126575.47 (Adam: 126575.80)
2026-02-26 00:51:43,133 [INFO] 
============================================================
2026-02-26 00:51:43,133 [INFO]   최적 loss: 126575.46
2026-02-26 00:51:43,143 [INFO]   파라미터 저장: data/models/nll_params.json
2026-02-26 00:51:43,158 [INFO]   보정된 a 저장: data/models/a_calibrated.csv
2026-02-26 00:51:43,158 [INFO] 
✅ Step 1.4 완료!
2026-02-26 01:15:30,368 [INFO] 🔍 Step 1.5: 모델 검증
2026-02-26 01:15:30,369 [INFO] ============================================================
2026-02-26 01:15:30,369 [INFO]   파라미터 로드 완료
2026-02-26 01:15:30,369 [INFO] 
📋 δ 부호 검증:
2026-02-26 01:15:30,369 [INFO]   ✅ δ_H(ΔS=-1) > 0 (홈 뒤짐→공격↑)
2026-02-26 01:15:30,369 [INFO]   ✅ δ_H(ΔS=+1) < 0 (홈 앞섬→수비↓)
2026-02-26 01:15:30,369 [INFO]   ✅ δ_H(ΔS≤-2) > δ_H(ΔS=-1) (크게 뒤지면 더 공격)
2026-02-26 01:15:30,369 [INFO]   ✅ δ_H(ΔS≥+2) < δ_H(ΔS=+1) (크게 앞서면 더 수비)
2026-02-26 01:15:30,369 [INFO]   ✅ δ_A(ΔS=-1) < 0 (어웨이 앞섬→수비↓)
2026-02-26 01:15:30,369 [INFO]   ✅ δ_A(ΔS=+1) > 0 (어웨이 뒤짐→공격↑)
2026-02-26 01:15:30,566 [INFO]   μ̂ 로드: 17680행
2026-02-26 01:15:30,568 [INFO]   경기: 8996, 구간: 77234, 골: 25342
2026-02-26 01:15:33,880 [INFO]   텐서: 구간 77234, 골 25342
2026-02-26 01:15:35,269 [INFO] 
📊 Likelihood Ratio Test: δ=0 vs δ≠0
2026-02-26 01:15:35,269 [INFO]   Full model (δ 학습) 최적화...
2026-02-26 01:15:37,693 [INFO]     [Adam  200] total=127367.6  nll=126797.8  reg_a=569.8  reg_l2=0.00
2026-02-26 01:15:39,368 [INFO]     [Adam  400] total=126807.6  nll=125655.1  reg_a=1152.5  reg_l2=0.01
2026-02-26 01:15:40,884 [INFO]     [Adam  600] total=126644.5  nll=125172.7  reg_a=1471.8  reg_l2=0.01
2026-02-26 01:15:42,390 [INFO]     [Adam  800] total=126595.4  nll=124963.4  reg_a=1632.0  reg_l2=0.01
2026-02-26 01:15:44,262 [INFO]     [Adam 1000] total=126581.1  nll=124869.8  reg_a=1711.3  reg_l2=0.01
2026-02-26 01:15:45,780 [INFO]     [Adam 1200] total=126577.1  nll=124827.6  reg_a=1749.5  reg_l2=0.02
2026-02-26 01:15:47,287 [INFO]     [Adam 1400] total=126575.9  nll=124808.8  reg_a=1767.1  reg_l2=0.02
2026-02-26 01:15:50,024 [INFO]     [L-BFGS  50] total=126575.7  nll=124803.8
2026-02-26 01:15:51,974 [INFO]     [L-BFGS 100] total=126575.7  nll=124803.8
2026-02-26 01:15:53,856 [INFO]     [L-BFGS 150] total=126575.7  nll=124803.8
2026-02-26 01:15:55,755 [INFO]     [L-BFGS 200] total=126575.7  nll=124803.8
2026-02-26 01:15:55,756 [INFO]     최종 loss: 126575.71 (Adam: 126575.80)
2026-02-26 01:15:55,756 [INFO]   Restricted model (δ=0 고정) 최적화...
2026-02-26 01:16:09,794 [INFO]   Full loss:       126575.71
2026-02-26 01:16:09,795 [INFO]   Restricted loss: 126926.18
2026-02-26 01:16:09,795 [INFO]   LR statistic:    700.94
2026-02-26 01:16:09,795 [INFO]   df:              8
2026-02-26 01:16:09,795 [INFO]   p-value:         0.000000
2026-02-26 01:16:09,795 [INFO]   결론: δ≠0 채택 (유의미)
2026-02-26 01:16:09,812 [INFO] 
🔄 Walk-Forward CV: 시즌 [2020, 2021, 2022, 2023, 2024]
2026-02-26 01:16:09,812 [INFO] 
  Fold: Train [2020, 2021] → Val 2022
2026-02-26 01:16:11,712 [INFO]     [Adam  200] total=51664.7  nll=51436.8  reg_a=227.9  reg_l2=0.00
2026-02-26 01:16:12,049 [INFO]     [Adam  400] total=51415.7  nll=50952.9  reg_a=462.8  reg_l2=0.01
2026-02-26 01:16:12,363 [INFO]     [Adam  600] total=51339.7  nll=50744.1  reg_a=595.6  reg_l2=0.01
2026-02-26 01:16:12,676 [INFO]     [Adam  800] total=51316.1  nll=50651.5  reg_a=664.6  reg_l2=0.01
2026-02-26 01:16:13,044 [INFO]     [Adam 1000] total=51309.1  nll=50609.2  reg_a=699.9  reg_l2=0.01
2026-02-26 01:16:13,422 [INFO]     [Adam 1200] total=51307.2  nll=50590.0  reg_a=717.2  reg_l2=0.01
2026-02-26 01:16:13,773 [INFO]     [Adam 1400] total=51306.6  nll=50581.4  reg_a=725.2  reg_l2=0.01
2026-02-26 01:16:14,753 [INFO]     [L-BFGS  50] total=51306.4  nll=50576.4
2026-02-26 01:16:15,446 [INFO]     [L-BFGS 100] total=51306.4  nll=50576.4
2026-02-26 01:16:16,075 [INFO]     [L-BFGS 150] total=51306.4  nll=50576.4
2026-02-26 01:16:16,740 [INFO]     [L-BFGS 200] total=51306.4  nll=50576.4
2026-02-26 01:16:16,740 [INFO]     최종 loss: 51306.37 (Adam: 51306.59)
2026-02-26 01:16:17,056 [INFO]     [Adam  200] total=51629.9  nll=51400.5  reg_a=229.5  reg_l2=0.00
2026-02-26 01:16:17,438 [INFO]     [Adam  400] total=51399.8  nll=50932.4  reg_a=467.3  reg_l2=0.01
2026-02-26 01:16:17,771 [INFO]     [Adam  600] total=51333.6  nll=50732.4  reg_a=601.2  reg_l2=0.01
2026-02-26 01:16:18,084 [INFO]     [Adam  800] total=51314.2  nll=50645.1  reg_a=669.1  reg_l2=0.01
2026-02-26 01:16:18,397 [INFO]     [Adam 1000] total=51308.7  nll=50606.1  reg_a=702.6  reg_l2=0.01
2026-02-26 01:16:18,714 [INFO]     [Adam 1200] total=51307.1  nll=50588.6  reg_a=718.5  reg_l2=0.01
2026-02-26 01:16:19,027 [INFO]     [Adam 1400] total=51306.6  nll=50580.8  reg_a=725.7  reg_l2=0.01
2026-02-26 01:16:20,036 [INFO]     [L-BFGS  50] total=51306.4  nll=50576.3
2026-02-26 01:16:20,881 [INFO]     [L-BFGS 100] total=51306.4  nll=50576.3
2026-02-26 01:16:21,865 [INFO]     [L-BFGS 150] total=51306.4  nll=50576.3
2026-02-26 01:16:22,805 [INFO]     [L-BFGS 200] total=51306.4  nll=50576.3
2026-02-26 01:16:22,806 [INFO]     최종 loss: 51306.38 (Adam: 51306.52)
2026-02-26 01:16:23,180 [INFO]     [Adam  200] total=51636.6  nll=51407.3  reg_a=229.3  reg_l2=0.00
2026-02-26 01:16:23,512 [INFO]     [Adam  400] total=51405.1  nll=50938.8  reg_a=466.3  reg_l2=0.01
2026-02-26 01:16:23,832 [INFO]     [Adam  600] total=51336.2  nll=50737.2  reg_a=599.1  reg_l2=0.01
2026-02-26 01:16:24,201 [INFO]     [Adam  800] total=51315.1  nll=50647.9  reg_a=667.1  reg_l2=0.01
2026-02-26 01:16:24,574 [INFO]     [Adam 1000] total=51308.9  nll=50607.6  reg_a=701.3  reg_l2=0.01
2026-02-26 01:16:24,901 [INFO]     [Adam 1200] total=51307.1  nll=50589.3  reg_a=717.8  reg_l2=0.01
2026-02-26 01:16:25,255 [INFO]     [Adam 1400] total=51306.6  nll=50581.1  reg_a=725.5  reg_l2=0.01
2026-02-26 01:16:26,215 [INFO]     [L-BFGS  50] total=51306.5  nll=50578.9
2026-02-26 01:16:26,990 [INFO]     [L-BFGS 100] total=51306.5  nll=50578.9
2026-02-26 01:16:27,761 [INFO]     [L-BFGS 150] total=51306.5  nll=50578.9
2026-02-26 01:16:28,742 [INFO]     [L-BFGS 200] total=51306.5  nll=50578.9
2026-02-26 01:16:28,743 [INFO]     최종 loss: 51306.49 (Adam: 51306.59)
2026-02-26 01:16:28,744 [INFO]     학습 완료: loss=51306.4
2026-02-26 01:16:38,182 [INFO]     Val 2022: Brier=0.2010, Skill=0.147, LogLoss=0.5874, CalErr=0.0645, n=7316
2026-02-26 01:16:38,182 [INFO]     Home Win: pred=0.420, actual=0.457
2026-02-26 01:16:38,182 [INFO]     Draw:     pred=0.252, actual=0.242
2026-02-26 01:16:38,182 [INFO] 
  Fold: Train [2020, 2021, 2022] → Val 2023
2026-02-26 01:16:41,173 [INFO]     [Adam  200] total=77205.6  nll=76865.5  reg_a=340.2  reg_l2=0.00
2026-02-26 01:16:42,132 [INFO]     [Adam  400] total=76838.7  nll=76148.2  reg_a=690.5  reg_l2=0.01
2026-02-26 01:16:43,089 [INFO]     [Adam  600] total=76725.7  nll=75838.6  reg_a=887.1  reg_l2=0.01
2026-02-26 01:16:44,130 [INFO]     [Adam  800] total=76690.4  nll=75700.8  reg_a=989.5  reg_l2=0.01
2026-02-26 01:16:45,534 [INFO]     [Adam 1000] total=76680.0  nll=75637.6  reg_a=1042.4  reg_l2=0.01
2026-02-26 01:16:46,515 [INFO]     [Adam 1200] total=76677.2  nll=75608.5  reg_a=1068.6  reg_l2=0.01
2026-02-26 01:16:47,500 [INFO]     [Adam 1400] total=76676.4  nll=75595.5  reg_a=1080.9  reg_l2=0.02
2026-02-26 01:16:49,844 [INFO]     [L-BFGS  50] total=76676.2  nll=75592.0
2026-02-26 01:16:52,113 [INFO]     [L-BFGS 100] total=76676.2  nll=75592.0
2026-02-26 01:16:54,039 [INFO]     [L-BFGS 150] total=76676.2  nll=75592.0
2026-02-26 01:16:55,834 [INFO]     [L-BFGS 200] total=76676.2  nll=75592.0
2026-02-26 01:16:55,835 [INFO]     최종 loss: 76676.21 (Adam: 76676.28)
2026-02-26 01:16:56,967 [INFO]     [Adam  200] total=77155.6  nll=76812.7  reg_a=343.0  reg_l2=0.00
2026-02-26 01:16:58,243 [INFO]     [Adam  400] total=76815.6  nll=76118.3  reg_a=697.3  reg_l2=0.01
2026-02-26 01:16:59,267 [INFO]     [Adam  600] total=76717.3  nll=75821.9  reg_a=895.4  reg_l2=0.01
2026-02-26 01:17:00,274 [INFO]     [Adam  800] total=76688.0  nll=75692.0  reg_a=996.0  reg_l2=0.01
2026-02-26 01:17:01,430 [INFO]     [Adam 1000] total=76679.5  nll=75633.3  reg_a=1046.2  reg_l2=0.01
2026-02-26 01:17:02,496 [INFO]     [Adam 1200] total=76677.1  nll=75606.7  reg_a=1070.4  reg_l2=0.01
2026-02-26 01:17:03,583 [INFO]     [Adam 1400] total=76676.4  nll=75594.8  reg_a=1081.6  reg_l2=0.02
2026-02-26 01:17:07,063 [INFO]     [L-BFGS  50] total=76676.2  nll=75591.6
2026-02-26 01:17:09,301 [INFO]     [L-BFGS 100] total=76676.2  nll=75591.6
2026-02-26 01:17:11,495 [INFO]     [L-BFGS 150] total=76676.2  nll=75591.6
2026-02-26 01:17:13,742 [INFO]     [L-BFGS 200] total=76676.2  nll=75591.6
2026-02-26 01:17:13,743 [INFO]     최종 loss: 76676.20 (Adam: 76676.30)
2026-02-26 01:17:14,903 [INFO]     [Adam  200] total=77165.7  nll=76823.0  reg_a=342.7  reg_l2=0.00
2026-02-26 01:17:15,980 [INFO]     [Adam  400] total=76822.7  nll=76126.5  reg_a=696.2  reg_l2=0.01
2026-02-26 01:17:17,054 [INFO]     [Adam  600] total=76720.7  nll=75827.6  reg_a=893.0  reg_l2=0.01
2026-02-26 01:17:18,191 [INFO]     [Adam  800] total=76689.0  nll=75695.3  reg_a=993.8  reg_l2=0.01
2026-02-26 01:17:19,328 [INFO]     [Adam 1000] total=76679.7  nll=75635.0  reg_a=1044.7  reg_l2=0.01
2026-02-26 01:17:20,904 [INFO]     [Adam 1200] total=76677.1  nll=75607.4  reg_a=1069.7  reg_l2=0.01
2026-02-26 01:17:22,133 [INFO]     [Adam 1400] total=76676.4  nll=75595.0  reg_a=1081.3  reg_l2=0.02
2026-02-26 01:17:24,182 [INFO]     [L-BFGS  50] total=76676.2  nll=75591.7
2026-02-26 01:17:25,586 [INFO]     [L-BFGS 100] total=76676.2  nll=75591.7
2026-02-26 01:17:27,414 [INFO]     [L-BFGS 150] total=76676.2  nll=75591.7
2026-02-26 01:17:28,648 [INFO]     [L-BFGS 200] total=76676.2  nll=75591.7
2026-02-26 01:17:28,649 [INFO]     최종 loss: 76676.20 (Adam: 76676.22)
2026-02-26 01:17:28,649 [INFO]     학습 완료: loss=76676.2
2026-02-26 01:17:38,014 [INFO]     Val 2023: Brier=0.1972, Skill=0.169, LogLoss=0.5787, CalErr=0.0762, n=7012
2026-02-26 01:17:38,015 [INFO]     Home Win: pred=0.425, actual=0.431
2026-02-26 01:17:38,015 [INFO]     Draw:     pred=0.248, actual=0.264
2026-02-26 01:17:38,015 [INFO] 
  Fold: Train [2020, 2021, 2022, 2023] → Val 2024
2026-02-26 01:17:42,077 [INFO]     [Adam  200] total=102512.2  nll=102062.4  reg_a=449.8  reg_l2=0.00
2026-02-26 01:17:43,958 [INFO]     [Adam  400] total=102022.9  nll=101108.4  reg_a=914.5  reg_l2=0.01
2026-02-26 01:17:45,239 [INFO]     [Adam  600] total=101875.1  nll=100700.1  reg_a=1175.0  reg_l2=0.01
2026-02-26 01:17:46,806 [INFO]     [Adam  800] total=101829.5  nll=100520.1  reg_a=1309.4  reg_l2=0.01
2026-02-26 01:17:48,385 [INFO]     [Adam 1000] total=101816.2  nll=100438.1  reg_a=1378.1  reg_l2=0.01
2026-02-26 01:17:50,061 [INFO]     [Adam 1200] total=101812.5  nll=100400.5  reg_a=1411.9  reg_l2=0.01
2026-02-26 01:17:51,767 [INFO]     [Adam 1400] total=101811.5  nll=100383.6  reg_a=1427.8  reg_l2=0.02
2026-02-26 01:17:54,683 [INFO]     [L-BFGS  50] total=101811.3  nll=100379.2
2026-02-26 01:17:57,139 [INFO]     [L-BFGS 100] total=101811.3  nll=100379.2
2026-02-26 01:17:59,033 [INFO]     [L-BFGS 150] total=101811.3  nll=100379.2
2026-02-26 01:18:00,962 [INFO]     [L-BFGS 200] total=101811.3  nll=100379.2
2026-02-26 01:18:00,963 [INFO]     최종 loss: 101811.27 (Adam: 101811.27)
2026-02-26 01:18:02,252 [INFO]     [Adam  200] total=102443.7  nll=101989.4  reg_a=454.3  reg_l2=0.00
2026-02-26 01:18:03,690 [INFO]     [Adam  400] total=101991.8  nll=101068.0  reg_a=923.8  reg_l2=0.01
2026-02-26 01:18:05,052 [INFO]     [Adam  600] total=101863.9  nll=100678.3  reg_a=1185.6  reg_l2=0.01
2026-02-26 01:18:06,363 [INFO]     [Adam  800] total=101826.3  nll=100508.7  reg_a=1317.6  reg_l2=0.01
2026-02-26 01:18:07,612 [INFO]     [Adam 1000] total=101815.4  nll=100432.7  reg_a=1382.8  reg_l2=0.01
2026-02-26 01:18:09,019 [INFO]     [Adam 1200] total=101812.3  nll=100398.2  reg_a=1414.1  reg_l2=0.02
2026-02-26 01:18:10,357 [INFO]     [Adam 1400] total=101811.4  nll=100382.8  reg_a=1428.6  reg_l2=0.02
2026-02-26 01:18:14,617 [INFO]     [L-BFGS  50] total=101811.3  nll=100378.6
2026-02-26 01:18:18,230 [INFO]     [L-BFGS 100] total=101811.3  nll=100378.6
2026-02-26 01:18:21,308 [INFO]     [L-BFGS 150] total=101811.1  nll=100373.2
2026-02-26 01:18:23,209 [INFO]     [L-BFGS 200] total=101811.1  nll=100373.2
2026-02-26 01:18:23,210 [INFO]     최종 loss: 101811.07 (Adam: 101811.29)
2026-02-26 01:18:24,626 [INFO]     [Adam  200] total=102458.1  nll=102004.5  reg_a=453.6  reg_l2=0.00
2026-02-26 01:18:26,181 [INFO]     [Adam  400] total=102001.0  nll=101078.7  reg_a=922.3  reg_l2=0.01
2026-02-26 01:18:27,536 [INFO]     [Adam  600] total=101868.2  nll=100685.4  reg_a=1182.8  reg_l2=0.01
2026-02-26 01:18:28,934 [INFO]     [Adam  800] total=101827.6  nll=100512.7  reg_a=1314.9  reg_l2=0.01
2026-02-26 01:18:30,259 [INFO]     [Adam 1000] total=101815.7  nll=100434.6  reg_a=1381.1  reg_l2=0.01
2026-02-26 01:18:31,810 [INFO]     [Adam 1200] total=101812.4  nll=100399.1  reg_a=1413.3  reg_l2=0.01
2026-02-26 01:18:33,207 [INFO]     [Adam 1400] total=101811.4  nll=100383.1  reg_a=1428.3  reg_l2=0.02
2026-02-26 01:18:36,735 [INFO]     [L-BFGS  50] total=101811.3  nll=100378.9
2026-02-26 01:18:39,523 [INFO]     [L-BFGS 100] total=101811.3  nll=100378.9
2026-02-26 01:18:42,114 [INFO]     [L-BFGS 150] total=101811.3  nll=100378.9
2026-02-26 01:18:44,864 [INFO]     [L-BFGS 200] total=101811.3  nll=100378.9
2026-02-26 01:18:44,865 [INFO]     최종 loss: 101811.26 (Adam: 101811.29)
2026-02-26 01:18:44,865 [INFO]     학습 완료: loss=101811.1
2026-02-26 01:18:54,758 [INFO]     Val 2024: Brier=0.1980, Skill=0.163, LogLoss=0.5807, CalErr=0.0747, n=7020
2026-02-26 01:18:54,760 [INFO]     Home Win: pred=0.427, actual=0.419
2026-02-26 01:18:54,760 [INFO]     Draw:     pred=0.253, actual=0.251
2026-02-26 01:18:54,761 [INFO]   리포트 저장: data/models/validation_report.json
2026-02-26 01:18:54,761 [INFO] 
✅ Step 1.5 완료!
