2026-02-26 00:33:14,916 [INFO] 📈 Step 1.3: XGBoost Poisson 모델 학습
2026-02-26 00:33:14,916 [INFO] ============================================================
2026-02-26 00:33:15,342 [INFO]   로드: 8997경기, 224856통계 레코드
2026-02-26 00:33:15,405 [INFO]   롤링 피처 계산 중...
2026-02-26 00:33:15,673 [INFO]   팀-경기 행: 17994, 피처 컬럼: 30
2026-02-26 00:33:15,677 [INFO]   학습 데이터: 17680행, 31피처
2026-02-26 00:33:15,677 [INFO]   타겟 분포: mean=1.408, std=1.245
2026-02-26 00:33:15,677 [INFO] 
🔄 Walk-Forward Cross-Validation
2026-02-26 00:33:15,863 [INFO]   Train [np.int64(2020), np.int64(2021)] → Val 2022: MAE=0.923, RMSE=1.183, Deviance=1.1399, pred_mean=1.412, actual_mean=1.385
2026-02-26 00:33:16,166 [INFO]   Train [np.int64(2020), np.int64(2021), np.int64(2022)] → Val 2023: MAE=0.931, RMSE=1.184, Deviance=1.1270, pred_mean=1.437, actual_mean=1.442
2026-02-26 00:33:16,491 [INFO]   Train [np.int64(2020), np.int64(2021), np.int64(2022), np.int64(2023)] → Val 2024: MAE=0.915, RMSE=1.160, Deviance=1.0995, pred_mean=1.418, actual_mean=1.414
2026-02-26 00:33:16,491 [INFO] 
  평균 MAE: 0.923
2026-02-26 00:33:16,491 [INFO]   평균 Deviance: 1.1221
2026-02-26 00:33:16,491 [INFO] 
📈 XGBoost 학습 시작
2026-02-26 00:33:16,491 [INFO]   Train: 14144행, Val: 3536행
2026-02-26 00:33:16,857 [INFO]   Best round: 185
2026-02-26 00:33:16,857 [INFO]   Train NLL: 1.4380
2026-02-26 00:33:16,857 [INFO]   Val NLL:   1.3672
2026-02-26 00:33:16,859 [INFO] 
  검증 세트 성능:
2026-02-26 00:33:16,859 [INFO]     예측 평균: 1.312
2026-02-26 00:33:16,859 [INFO]     실제 평균: 1.182
2026-02-26 00:33:16,859 [INFO]     Mean Poisson Deviance: 1.0862
2026-02-26 00:33:16,859 [INFO]     μ̂ ∈ [0, 0.8): pred=0.73, actual=0.75, n=105
2026-02-26 00:33:16,859 [INFO]     μ̂ ∈ [0.8, 1.2): pred=1.03, actual=0.93, n=1453
2026-02-26 00:33:16,859 [INFO]     μ̂ ∈ [1.2, 1.8): pred=1.45, actual=1.29, n=1657
2026-02-26 00:33:16,859 [INFO]     μ̂ ∈ [1.8, 3.0): pred=2.07, actual=1.86, n=321
2026-02-26 00:33:16,859 [INFO] 
📊 피처 중요도 (gain):
2026-02-26 00:33:16,860 [INFO]   ✅ roll_Passes accurate                           17.7 ( 11.0%, 누적  11.0%)
2026-02-26 00:33:16,860 [INFO]   ✅ roll_Total passes                              13.2 (  8.2%, 누적  19.2%)
2026-02-26 00:33:16,860 [INFO]   ✅ opp_roll_Passes accurate                        8.7 (  5.4%, 누적  24.6%)
2026-02-26 00:33:16,860 [INFO]   ✅ is_home                                         8.4 (  5.2%, 누적  29.8%)
2026-02-26 00:33:16,860 [INFO]   ✅ roll_Shots insidebox                            8.2 (  5.1%, 누적  34.9%)
2026-02-26 00:33:16,860 [INFO]   ✅ roll_goals_scored                               6.4 (  4.0%, 누적  38.9%)
2026-02-26 00:33:16,860 [INFO]   ✅ roll_Ball Possession                            5.6 (  3.5%, 누적  42.3%)
2026-02-26 00:33:16,860 [INFO]   ✅ opp_roll_Total passes                           5.5 (  3.4%, 누적  45.8%)
2026-02-26 00:33:16,860 [INFO]   ✅ opp_roll_goals_conceded                         5.4 (  3.4%, 누적  49.1%)
2026-02-26 00:33:16,860 [INFO]   ✅ opp_roll_Passes %                               4.6 (  2.9%, 누적  52.0%)
2026-02-26 00:33:16,860 [INFO]   ✅ roll_Total Shots                                4.6 (  2.9%, 누적  54.9%)
2026-02-26 00:33:16,860 [INFO]   ✅ opp_roll_Goalkeeper Saves                       4.5 (  2.8%, 누적  57.6%)
2026-02-26 00:33:16,860 [INFO]   ✅ opp_roll_Shots on Goal                          4.4 (  2.7%, 누적  60.4%)
2026-02-26 00:33:16,860 [INFO]   ✅ opp_roll_Shots insidebox                        4.1 (  2.6%, 누적  62.9%)
2026-02-26 00:33:16,860 [INFO]   ✅ roll_Shots on Goal                              4.1 (  2.5%, 누적  65.5%)
2026-02-26 00:33:16,860 [INFO]   ✅ roll_Passes %                                   4.1 (  2.5%, 누적  68.0%)
2026-02-26 00:33:16,860 [INFO]   ✅ roll_expected_goals                             3.8 (  2.4%, 누적  70.4%)
2026-02-26 00:33:16,860 [INFO]   ✅ opp_roll_expected_goals                         3.8 (  2.4%, 누적  72.7%)
2026-02-26 00:33:16,860 [INFO]   ✅ roll_goals_conceded                             3.8 (  2.3%, 누적  75.1%)
2026-02-26 00:33:16,860 [INFO]   ✅ roll_Corner Kicks                               3.7 (  2.3%, 누적  77.4%)
2026-02-26 00:33:16,860 [INFO]   ✅ roll_Fouls                                      3.7 (  2.3%, 누적  79.7%)
2026-02-26 00:33:16,860 [INFO]   ✅ opp_roll_Ball Possession                        3.7 (  2.3%, 누적  82.0%)
2026-02-26 00:33:16,860 [INFO]   ✅ roll_Goalkeeper Saves                           3.6 (  2.2%, 누적  84.2%)
2026-02-26 00:33:16,860 [INFO]   ✅ opp_roll_Total Shots                            3.5 (  2.2%, 누적  86.4%)
2026-02-26 00:33:16,860 [INFO]   ✅ opp_roll_goals_scored                           3.4 (  2.1%, 누적  88.5%)
2026-02-26 00:33:16,860 [INFO]   ✅ roll_Shots off Goal                             3.2 (  2.0%, 누적  90.5%)
2026-02-26 00:33:16,860 [INFO]   ✅ opp_roll_Fouls                                  3.2 (  2.0%, 누적  92.5%)
2026-02-26 00:33:16,860 [INFO]   ✅ opp_roll_Corner Kicks                           3.2 (  2.0%, 누적  94.5%)
2026-02-26 00:33:16,860 [INFO]   ✅ opp_roll_Shots off Goal                         3.2 (  2.0%, 누적  96.4%)
2026-02-26 00:33:16,860 [INFO] 
  선택된 피처: 29/31
2026-02-26 00:33:16,860 [INFO] 
🔄 선택된 29개 피처로 재학습...
2026-02-26 00:33:16,860 [INFO] 
📈 XGBoost 학습 시작
2026-02-26 00:33:16,860 [INFO]   Train: 14144행, Val: 3536행
2026-02-26 00:33:17,231 [INFO]   Best round: 185
2026-02-26 00:33:17,231 [INFO]   Train NLL: 1.4383
2026-02-26 00:33:17,231 [INFO]   Val NLL:   1.3680
2026-02-26 00:33:17,233 [INFO] 
  검증 세트 성능:
2026-02-26 00:33:17,233 [INFO]     예측 평균: 1.313
2026-02-26 00:33:17,233 [INFO]     실제 평균: 1.182
2026-02-26 00:33:17,233 [INFO]     Mean Poisson Deviance: 1.0873
2026-02-26 00:33:17,233 [INFO]     μ̂ ∈ [0, 0.8): pred=0.73, actual=0.91, n=127
2026-02-26 00:33:17,233 [INFO]     μ̂ ∈ [0.8, 1.2): pred=1.03, actual=0.93, n=1397
2026-02-26 00:33:17,233 [INFO]     μ̂ ∈ [1.2, 1.8): pred=1.44, actual=1.27, n=1678
2026-02-26 00:33:17,233 [INFO]     μ̂ ∈ [1.8, 3.0): pred=2.05, actual=1.87, n=334
2026-02-26 00:33:17,241 [INFO] 
📊 μ̂ 예측 분포:
2026-02-26 00:33:17,241 [INFO]   min=0.393, mean=1.434, max=5.491, std=0.437
2026-02-26 00:33:17,246 [INFO]   모델 저장: data/models/xgb_poisson.json
2026-02-26 00:33:17,246 [INFO]   피처 마스크 저장: data/models/feature_mask.json
2026-02-26 00:33:17,261 [INFO]   μ̂ 예측값 저장: data/models/mu_predictions.csv
2026-02-26 00:33:17,261 [INFO] 
============================================================
2026-02-26 00:33:17,261 [INFO] ✅ Step 1.3 완료!
2026-02-26 00:33:17,261 [INFO]   피처: 31 → 29개 선택
2026-02-26 00:33:17,262 [INFO]   μ̂ 범위: [0.393, 5.491]
2026-02-26 00:33:17,262 [INFO]   μ̂ 평균: 1.434 (실제: 1.408)
2026-02-26 00:33:17,262 [INFO] ============================================================
2026-02-26 00:34:40,782 [INFO] 📈 Step 1.3: XGBoost Poisson 모델 학습
2026-02-26 00:34:40,783 [INFO] ============================================================
2026-02-26 00:34:41,241 [INFO]   로드: 8997경기, 224856통계 레코드
2026-02-26 00:34:41,307 [INFO]   롤링 피처 계산 중...
2026-02-26 00:34:41,576 [INFO]   팀-경기 행: 17994, 피처 컬럼: 30
2026-02-26 00:34:41,581 [INFO]   학습 데이터: 17680행, 31피처
2026-02-26 00:34:41,581 [INFO]   타겟 분포: mean=1.408, std=1.245
2026-02-26 00:34:41,581 [INFO] 
🔄 Walk-Forward Cross-Validation
2026-02-26 00:34:41,795 [INFO]   Train [np.int64(2020), np.int64(2021)] → Val 2022: MAE=0.923, RMSE=1.183, Deviance=1.1399, pred_mean=1.412, actual_mean=1.385
2026-02-26 00:34:42,114 [INFO]   Train [np.int64(2020), np.int64(2021), np.int64(2022)] → Val 2023: MAE=0.931, RMSE=1.184, Deviance=1.1270, pred_mean=1.437, actual_mean=1.442
2026-02-26 00:34:42,547 [INFO]   Train [np.int64(2020), np.int64(2021), np.int64(2022), np.int64(2023)] → Val 2024: MAE=0.915, RMSE=1.160, Deviance=1.0995, pred_mean=1.418, actual_mean=1.414
2026-02-26 00:34:42,547 [INFO] 
  평균 MAE: 0.923
2026-02-26 00:34:42,547 [INFO]   평균 Deviance: 1.1221
2026-02-26 00:34:42,547 [INFO] 
📈 XGBoost 학습 시작
2026-02-26 00:34:42,547 [INFO]   Train: 14144행, Val: 3536행
2026-02-26 00:34:42,964 [INFO]   Best round: 185
2026-02-26 00:34:42,964 [INFO]   Train NLL: 1.4380
2026-02-26 00:34:42,964 [INFO]   Val NLL:   1.3672
2026-02-26 00:34:42,966 [INFO] 
  검증 세트 성능:
2026-02-26 00:34:42,966 [INFO]     예측 평균: 1.312
2026-02-26 00:34:42,966 [INFO]     실제 평균: 1.182
2026-02-26 00:34:42,966 [INFO]     Mean Poisson Deviance: 1.0862
2026-02-26 00:34:42,966 [INFO]     μ̂ ∈ [0, 0.8): pred=0.73, actual=0.75, n=105
2026-02-26 00:34:42,966 [INFO]     μ̂ ∈ [0.8, 1.2): pred=1.03, actual=0.93, n=1453
2026-02-26 00:34:42,966 [INFO]     μ̂ ∈ [1.2, 1.8): pred=1.45, actual=1.29, n=1657
2026-02-26 00:34:42,966 [INFO]     μ̂ ∈ [1.8, 3.0): pred=2.07, actual=1.86, n=321
2026-02-26 00:34:42,967 [INFO] 
📊 피처 중요도 (gain):
2026-02-26 00:34:42,967 [INFO]   ✅ roll_Passes accurate                           17.7 ( 11.0%, 누적  11.0%)
2026-02-26 00:34:42,967 [INFO]   ✅ roll_Total passes                              13.2 (  8.2%, 누적  19.2%)
2026-02-26 00:34:42,967 [INFO]   ✅ opp_roll_Passes accurate                        8.7 (  5.4%, 누적  24.6%)
2026-02-26 00:34:42,967 [INFO]   ✅ is_home                                         8.4 (  5.2%, 누적  29.8%)
2026-02-26 00:34:42,967 [INFO]   ✅ roll_Shots insidebox                            8.2 (  5.1%, 누적  34.9%)
2026-02-26 00:34:42,967 [INFO]   ✅ roll_goals_scored                               6.4 (  4.0%, 누적  38.9%)
2026-02-26 00:34:42,967 [INFO]   ✅ roll_Ball Possession                            5.6 (  3.5%, 누적  42.3%)
2026-02-26 00:34:42,967 [INFO]   ✅ opp_roll_Total passes                           5.5 (  3.4%, 누적  45.8%)
2026-02-26 00:34:42,967 [INFO]   ✅ opp_roll_goals_conceded                         5.4 (  3.4%, 누적  49.1%)
2026-02-26 00:34:42,967 [INFO]   ✅ opp_roll_Passes %                               4.6 (  2.9%, 누적  52.0%)
2026-02-26 00:34:42,967 [INFO]   ✅ roll_Total Shots                                4.6 (  2.9%, 누적  54.9%)
2026-02-26 00:34:42,967 [INFO]   ✅ opp_roll_Goalkeeper Saves                       4.5 (  2.8%, 누적  57.6%)
2026-02-26 00:34:42,967 [INFO]   ✅ opp_roll_Shots on Goal                          4.4 (  2.7%, 누적  60.4%)
2026-02-26 00:34:42,967 [INFO]   ✅ opp_roll_Shots insidebox                        4.1 (  2.6%, 누적  62.9%)
2026-02-26 00:34:42,967 [INFO]   ✅ roll_Shots on Goal                              4.1 (  2.5%, 누적  65.5%)
2026-02-26 00:34:42,967 [INFO]   ✅ roll_Passes %                                   4.1 (  2.5%, 누적  68.0%)
2026-02-26 00:34:42,967 [INFO]   ✅ roll_expected_goals                             3.8 (  2.4%, 누적  70.4%)
2026-02-26 00:34:42,967 [INFO]   ✅ opp_roll_expected_goals                         3.8 (  2.4%, 누적  72.7%)
2026-02-26 00:34:42,967 [INFO]   ✅ roll_goals_conceded                             3.8 (  2.3%, 누적  75.1%)
2026-02-26 00:34:42,967 [INFO]   ✅ roll_Corner Kicks                               3.7 (  2.3%, 누적  77.4%)
2026-02-26 00:34:42,967 [INFO]   ✅ roll_Fouls                                      3.7 (  2.3%, 누적  79.7%)
2026-02-26 00:34:42,967 [INFO]   ✅ opp_roll_Ball Possession                        3.7 (  2.3%, 누적  82.0%)
2026-02-26 00:34:42,967 [INFO]   ✅ roll_Goalkeeper Saves                           3.6 (  2.2%, 누적  84.2%)
2026-02-26 00:34:42,967 [INFO]   ✅ opp_roll_Total Shots                            3.5 (  2.2%, 누적  86.4%)
2026-02-26 00:34:42,967 [INFO]   ✅ opp_roll_goals_scored                           3.4 (  2.1%, 누적  88.5%)
2026-02-26 00:34:42,967 [INFO]   ✅ roll_Shots off Goal                             3.2 (  2.0%, 누적  90.5%)
2026-02-26 00:34:42,967 [INFO]   ✅ opp_roll_Fouls                                  3.2 (  2.0%, 누적  92.5%)
2026-02-26 00:34:42,967 [INFO]   ✅ opp_roll_Corner Kicks                           3.2 (  2.0%, 누적  94.5%)
2026-02-26 00:34:42,967 [INFO]   ✅ opp_roll_Shots off Goal                         3.2 (  2.0%, 누적  96.4%)
2026-02-26 00:34:42,967 [INFO] 
  선택된 피처: 29/31
2026-02-26 00:34:42,967 [INFO] 
🔄 선택된 29개 피처로 재학습...
2026-02-26 00:34:42,968 [INFO] 
📈 XGBoost 학습 시작
2026-02-26 00:34:42,968 [INFO]   Train: 14144행, Val: 3536행
2026-02-26 00:34:43,372 [INFO]   Best round: 185
2026-02-26 00:34:43,373 [INFO]   Train NLL: 1.4383
2026-02-26 00:34:43,373 [INFO]   Val NLL:   1.3680
2026-02-26 00:34:43,374 [INFO] 
  검증 세트 성능:
2026-02-26 00:34:43,374 [INFO]     예측 평균: 1.313
2026-02-26 00:34:43,374 [INFO]     실제 평균: 1.182
2026-02-26 00:34:43,374 [INFO]     Mean Poisson Deviance: 1.0873
2026-02-26 00:34:43,374 [INFO]     μ̂ ∈ [0, 0.8): pred=0.73, actual=0.91, n=127
2026-02-26 00:34:43,375 [INFO]     μ̂ ∈ [0.8, 1.2): pred=1.03, actual=0.93, n=1397
2026-02-26 00:34:43,375 [INFO]     μ̂ ∈ [1.2, 1.8): pred=1.44, actual=1.27, n=1678
2026-02-26 00:34:43,375 [INFO]     μ̂ ∈ [1.8, 3.0): pred=2.05, actual=1.87, n=334
2026-02-26 00:34:43,383 [INFO] 
📊 μ̂ 예측 분포:
2026-02-26 00:34:43,383 [INFO]   min=0.393, mean=1.434, max=5.491, std=0.437
2026-02-26 00:34:43,388 [INFO]   모델 저장: data/models/xgb_poisson.json
2026-02-26 00:34:43,388 [INFO]   피처 마스크 저장: data/models/feature_mask.json
2026-02-26 00:34:43,403 [INFO]   μ̂ 예측값 저장: data/models/mu_predictions.csv
2026-02-26 00:34:43,403 [INFO] 
============================================================
2026-02-26 00:34:43,403 [INFO] ✅ Step 1.3 완료!
2026-02-26 00:34:43,403 [INFO]   피처: 31 → 29개 선택
2026-02-26 00:34:43,403 [INFO]   μ̂ 범위: [0.393, 5.491]
2026-02-26 00:34:43,403 [INFO]   μ̂ 평균: 1.434 (실제: 1.408)
2026-02-26 00:34:43,403 [INFO] ============================================================
