2026-02-25 15:33:13,643 [INFO] 📐 Phase 1.1 전처리 시작: 380경기
2026-02-25 19:09:09,491 [INFO] 📐 Phase 1.1 전처리 시작: 380경기
2026-02-25 19:09:18,066 [INFO] 📐 Phase 1.1 전처리 시작: 380경기
2026-02-25 19:09:18,072 [WARNING]   ⚠️  스코어 불일치 fixture 1035054: 이벤트=1-1, DB=2-0 (자책골 등 수동 확인 필요)
2026-02-25 19:09:18,076 [WARNING]   ⚠️  스코어 불일치 fixture 1035076: 이벤트=1-3, DB=2-2 (자책골 등 수동 확인 필요)
2026-02-25 19:09:18,078 [WARNING]   ⚠️  스코어 불일치 fixture 1035073: 이벤트=2-1, DB=3-0 (자책골 등 수동 확인 필요)
2026-02-25 19:09:18,079 [WARNING]   ⚠️  스코어 불일치 fixture 1035086: 이벤트=2-2, DB=1-3 (자책골 등 수동 확인 필요)
2026-02-25 19:09:18,082 [WARNING]   ⚠️  스코어 불일치 fixture 1035087: 이벤트=1-3, DB=2-2 (자책골 등 수동 확인 필요)
2026-02-25 19:09:18,083 [WARNING]   ⚠️  스코어 불일치 fixture 1035089: 이벤트=2-2, DB=3-1 (자책골 등 수동 확인 필요)
2026-02-25 19:09:18,083 [WARNING]   ⚠️  스코어 불일치 fixture 1035098: 이벤트=5-2, DB=6-1 (자책골 등 수동 확인 필요)
2026-02-25 19:09:18,084 [WARNING]   ⚠️  스코어 불일치 fixture 1035106: 이벤트=1-2, DB=2-1 (자책골 등 수동 확인 필요)
2026-02-25 19:09:18,085 [WARNING]   ⚠️  스코어 불일치 fixture 1035104: 이벤트=1-2, DB=2-1 (자책골 등 수동 확인 필요)
2026-02-25 19:09:18,086 [WARNING]   ⚠️  스코어 불일치 fixture 1035109: 이벤트=2-3, DB=1-4 (자책골 등 수동 확인 필요)
2026-02-25 19:09:18,089 [WARNING]   ⚠️  스코어 불일치 fixture 1035132: 이벤트=2-1, DB=1-2 (자책골 등 수동 확인 필요)
2026-02-25 19:09:18,091 [WARNING]   ⚠️  스코어 불일치 fixture 1035137: 이벤트=2-3, DB=3-2 (자책골 등 수동 확인 필요)
2026-02-25 19:09:18,092 [WARNING]   ⚠️  스코어 불일치 fixture 1035139: 이벤트=2-0, DB=1-1 (자책골 등 수동 확인 필요)
2026-02-25 19:09:18,094 [WARNING]   ⚠️  스코어 불일치 fixture 1035149: 이벤트=2-2, DB=3-1 (자책골 등 수동 확인 필요)
2026-02-25 19:09:18,094 [WARNING]   ⚠️  스코어 불일치 fixture 1035150: 이벤트=2-0, DB=1-1 (자책골 등 수동 확인 필요)
2026-02-25 19:09:18,095 [WARNING]   ⚠️  스코어 불일치 fixture 1035295: 이벤트=2-1, DB=1-2 (자책골 등 수동 확인 필요)
2026-02-25 19:09:18,099 [WARNING]   ⚠️  스코어 불일치 fixture 1035309: 이벤트=3-4, DB=4-3 (자책골 등 수동 확인 필요)
2026-02-25 19:09:18,099 [WARNING]   ⚠️  스코어 불일치 fixture 1035310: 이벤트=2-4, DB=3-3 (자책골 등 수동 확인 필요)
2026-02-25 19:09:18,107 [WARNING]   ⚠️  스코어 불일치 fixture 1035363: 이벤트=4-1, DB=2-3 (자책골 등 수동 확인 필요)
2026-02-25 19:09:18,113 [WARNING]   ⚠️  스코어 불일치 fixture 1035384: 이벤트=2-2, DB=1-3 (자책골 등 수동 확인 필요)
2026-02-25 19:09:18,116 [WARNING]   ⚠️  스코어 불일치 fixture 1035399: 이벤트=3-3, DB=2-4 (자책골 등 수동 확인 필요)
2026-02-25 19:09:18,116 [WARNING]   ⚠️  스코어 불일치 fixture 1035395: 이벤트=4-0, DB=3-1 (자책골 등 수동 확인 필요)
2026-02-25 19:09:18,120 [WARNING]   ⚠️  스코어 불일치 fixture 1035422: 이벤트=1-4, DB=0-5 (자책골 등 수동 확인 필요)
2026-02-25 19:09:18,121 [WARNING]   ⚠️  스코어 불일치 fixture 1035425: 이벤트=3-2, DB=4-1 (자책골 등 수동 확인 필요)
2026-02-25 19:09:18,124 [WARNING]   ⚠️  스코어 불일치 fixture 1035442: 이벤트=1-5, DB=0-6 (자책골 등 수동 확인 필요)
2026-02-25 19:09:18,124 [WARNING]   ⚠️  스코어 불일치 fixture 1035453: 이벤트=1-2, DB=2-1 (자책골 등 수동 확인 필요)
2026-02-25 19:09:18,125 [WARNING]   ⚠️  스코어 불일치 fixture 1035447: 이벤트=0-1, DB=1-0 (자책골 등 수동 확인 필요)
2026-02-25 19:09:18,125 [WARNING]   ⚠️  스코어 불일치 fixture 1035452: 이벤트=3-1, DB=2-2 (자책골 등 수동 확인 필요)
2026-02-25 19:09:18,127 [WARNING]   ⚠️  스코어 불일치 fixture 1035464: 이벤트=1-2, DB=2-1 (자책골 등 수동 확인 필요)
2026-02-25 19:09:18,128 [WARNING]   ⚠️  스코어 불일치 fixture 1035473: 이벤트=1-2, DB=2-1 (자책골 등 수동 확인 필요)
2026-02-25 19:09:18,130 [WARNING]   ⚠️  스코어 불일치 fixture 1035475: 이벤트=1-1, DB=2-0 (자책골 등 수동 확인 필요)
2026-02-25 19:09:18,131 [WARNING]   ⚠️  스코어 불일치 fixture 1035482: 이벤트=4-0, DB=3-1 (자책골 등 수동 확인 필요)
2026-02-25 19:09:18,133 [WARNING]   ⚠️  스코어 불일치 fixture 1035492: 이벤트=2-2, DB=3-1 (자책골 등 수동 확인 필요)
2026-02-25 19:09:18,134 [WARNING]   ⚠️  스코어 불일치 fixture 1035496: 이벤트=1-1, DB=2-0 (자책골 등 수동 확인 필요)
2026-02-25 19:09:18,134 [WARNING]   ⚠️  스코어 불일치 fixture 1035497: 이벤트=2-0, DB=1-1 (자책골 등 수동 확인 필요)
2026-02-25 19:09:18,134 [WARNING]   ⚠️  스코어 불일치 fixture 1035500: 이벤트=4-2, DB=5-1 (자책골 등 수동 확인 필요)
2026-02-25 19:09:18,139 [WARNING]   ⚠️  스코어 불일치 fixture 1035522: 이벤트=3-1, DB=2-2 (자책골 등 수동 확인 필요)
2026-02-25 19:09:18,139 [WARNING]   ⚠️  스코어 불일치 fixture 1035519: 이벤트=4-2, DB=5-1 (자책골 등 수동 확인 필요)
2026-02-25 19:09:18,140 [WARNING]   ⚠️  스코어 불일치 fixture 1035515: 이벤트=1-3, DB=2-2 (자책골 등 수동 확인 필요)
2026-02-25 19:09:18,141 [WARNING]   ⚠️  스코어 불일치 fixture 1035521: 이벤트=3-2, DB=2-3 (자책골 등 수동 확인 필요)
2026-02-25 19:09:18,145 [WARNING]   ⚠️  스코어 불일치 fixture 1035535: 이벤트=4-2, DB=3-3 (자책골 등 수동 확인 필요)
2026-02-25 19:09:18,146 [WARNING]   ⚠️  스코어 불일치 fixture 1035548: 이벤트=3-0, DB=2-1 (자책골 등 수동 확인 필요)
2026-02-25 19:09:18,147 [INFO]   [  380/380] (100.0%)
2026-02-25 19:09:18,148 [INFO] 
==================================================
2026-02-25 19:09:18,148 [INFO] ✅ 전처리 완료!
2026-02-25 19:09:18,148 [INFO]   경기: 380 (오류: 0)
2026-02-25 19:09:18,148 [INFO]   구간: 3,396 (평균 8.9/경기)
2026-02-25 19:09:18,148 [INFO]   골:   1,246 (평균 3.28/경기)
2026-02-25 19:09:18,148 [INFO]   퇴장: 58
2026-02-25 19:09:18,148 [INFO] ==================================================

2026-02-25 19:17:21,808 [INFO] 📐 Phase 1.1 전처리 시작: 380경기
2026-02-25 19:17:21,889 [INFO]   [  380/380] (100.0%)
2026-02-25 19:17:21,890 [INFO] 
==================================================
2026-02-25 19:17:21,890 [INFO] ✅ 전처리 완료!
2026-02-25 19:17:21,890 [INFO]   경기: 380 (오류: 0)
2026-02-25 19:17:21,890 [INFO]   구간: 3,396 (평균 8.9/경기)
2026-02-25 19:17:21,890 [INFO]   골:   1,246 (평균 3.28/경기)
2026-02-25 19:17:21,890 [INFO]   퇴장: 58
2026-02-25 19:17:21,890 [INFO] ==================================================

2026-02-25 19:19:10,595 [INFO] 📐 Phase 1.1 전처리 시작: 8996경기
2026-02-25 19:19:10,615 [WARNING]   ⚠️  스코어 불일치 fixture 608489: 이벤트=0-0, DB=3-0 (자책골 등 수동 확인 필요)
2026-02-25 19:19:10,698 [INFO]   [  500/8996] (  5.6%)
2026-02-25 19:19:10,788 [INFO]   [ 1000/8996] ( 11.1%)
2026-02-25 19:19:10,878 [INFO]   [ 1500/8996] ( 16.7%)
2026-02-25 19:19:10,928 [WARNING]   ⚠️  스코어 불일치 fixture 608782: 이벤트=1-0, DB=0-0 (자책골 등 수동 확인 필요)
2026-02-25 19:19:10,929 [WARNING]   ⚠️  스코어 불일치 fixture 592865: 이벤트=1-4, DB=1-3 (자책골 등 수동 확인 필요)
2026-02-25 19:19:10,930 [WARNING]   ⚠️  스코어 불일치 fixture 587473: 이벤트=5-3, DB=5-2 (자책골 등 수동 확인 필요)
2026-02-25 19:19:10,934 [WARNING]   ⚠️  스코어 불일치 fixture 592872: 이벤트=5-1, DB=5-0 (자책골 등 수동 확인 필요)
2026-02-25 19:19:10,937 [WARNING]   ⚠️  스코어 불일치 fixture 571847: 이벤트=1-3, DB=1-2 (자책골 등 수동 확인 필요)
2026-02-25 19:19:10,938 [WARNING]   ⚠️  스코어 불일치 fixture 571844: 이벤트=0-3, DB=0-2 (자책골 등 수동 확인 필요)
2026-02-25 19:19:10,938 [WARNING]   ⚠️  스코어 불일치 fixture 571848: 이벤트=0-2, DB=0-1 (자책골 등 수동 확인 필요)
2026-02-25 19:19:10,972 [INFO]   [ 2000/8996] ( 22.2%)
2026-02-25 19:19:11,066 [INFO]   [ 2500/8996] ( 27.8%)
2026-02-25 19:19:11,161 [INFO]   [ 3000/8996] ( 33.3%)
2026-02-25 19:19:11,254 [INFO]   [ 3500/8996] ( 38.9%)
2026-02-25 19:19:11,348 [INFO]   [ 4000/8996] ( 44.5%)
2026-02-25 19:19:11,444 [INFO]   [ 4500/8996] ( 50.0%)
2026-02-25 19:19:11,539 [INFO]   [ 5000/8996] ( 55.6%)
2026-02-25 19:19:11,633 [INFO]   [ 5500/8996] ( 61.1%)
2026-02-25 19:19:11,633 [WARNING]   ⚠️  스코어 불일치 fixture 1037957: 이벤트=1-2, DB=1-1 (자책골 등 수동 확인 필요)
2026-02-25 19:19:11,647 [WARNING]   ⚠️  스코어 불일치 fixture 1037973: 이벤트=0-2, DB=0-1 (자책골 등 수동 확인 필요)
2026-02-25 19:19:11,650 [WARNING]   ⚠️  스코어 불일치 fixture 1037974: 이벤트=3-3, DB=3-2 (자책골 등 수동 확인 필요)
2026-02-25 19:19:11,660 [WARNING]   ⚠️  스코어 불일치 fixture 1037987: 이벤트=2-0, DB=1-0 (자책골 등 수동 확인 필요)
2026-02-25 19:19:11,695 [WARNING]   ⚠️  스코어 불일치 fixture 1038022: 이벤트=3-4, DB=3-3 (자책골 등 수동 확인 필요)
2026-02-25 19:19:11,702 [WARNING]   ⚠️  스코어 불일치 fixture 1038039: 이벤트=5-0, DB=4-0 (자책골 등 수동 확인 필요)
2026-02-25 19:19:11,707 [WARNING]   ⚠️  스코어 불일치 fixture 1038034: 이벤트=3-2, DB=2-2 (자책골 등 수동 확인 필요)
2026-02-25 19:19:11,715 [WARNING]   ⚠️  스코어 불일치 fixture 1038042: 이벤트=1-1, DB=0-1 (자책골 등 수동 확인 필요)
2026-02-25 19:19:11,733 [WARNING]   ⚠️  스코어 불일치 fixture 1038064: 이벤트=2-0, DB=1-0 (자책골 등 수동 확인 필요)
2026-02-25 19:19:11,734 [INFO]   [ 6000/8996] ( 66.7%)
2026-02-25 19:19:11,738 [WARNING]   ⚠️  스코어 불일치 fixture 1038073: 이벤트=4-4, DB=4-3 (자책골 등 수동 확인 필요)
2026-02-25 19:19:11,779 [WARNING]   ⚠️  스코어 불일치 fixture 1038113: 이벤트=3-0, DB=2-0 (자책골 등 수동 확인 필요)
2026-02-25 19:19:11,790 [WARNING]   ⚠️  스코어 불일치 fixture 1038122: 이벤트=2-0, DB=1-0 (자책골 등 수동 확인 필요)
2026-02-25 19:19:11,824 [WARNING]   ⚠️  스코어 불일치 fixture 1038165: 이벤트=2-1, DB=2-0 (자책골 등 수동 확인 필요)
2026-02-25 19:19:11,829 [WARNING]   ⚠️  스코어 불일치 fixture 1038178: 이벤트=3-1, DB=2-1 (자책골 등 수동 확인 필요)
2026-02-25 19:19:11,831 [INFO]   [ 6500/8996] ( 72.3%)
2026-02-25 19:19:11,841 [WARNING]   ⚠️  스코어 불일치 fixture 1038190: 이벤트=5-0, DB=4-0 (자책골 등 수동 확인 필요)
2026-02-25 19:19:11,873 [WARNING]   ⚠️  스코어 불일치 fixture 1038213: 이벤트=3-1, DB=2-1 (자책골 등 수동 확인 필요)
2026-02-25 19:19:11,876 [WARNING]   ⚠️  스코어 불일치 fixture 1038223: 이벤트=2-0, DB=1-0 (자책골 등 수동 확인 필요)
2026-02-25 19:19:11,889 [WARNING]   ⚠️  스코어 불일치 fixture 1038241: 이벤트=2-1, DB=2-0 (자책골 등 수동 확인 필요)
2026-02-25 19:19:11,891 [WARNING]   ⚠️  스코어 불일치 fixture 1038239: 이벤트=2-0, DB=1-0 (자책골 등 수동 확인 필요)
2026-02-25 19:19:11,918 [WARNING]   ⚠️  스코어 불일치 fixture 1038252: 이벤트=1-2, DB=1-1 (자책골 등 수동 확인 필요)
2026-02-25 19:19:11,920 [WARNING]   ⚠️  스코어 불일치 fixture 1038256: 이벤트=1-1, DB=0-1 (자책골 등 수동 확인 필요)
2026-02-25 19:19:11,929 [INFO]   [ 7000/8996] ( 77.8%)
2026-02-25 19:19:11,933 [WARNING]   ⚠️  스코어 불일치 fixture 1038279: 이벤트=1-3, DB=0-2 (자책골 등 수동 확인 필요)
2026-02-25 19:19:11,942 [WARNING]   ⚠️  스코어 불일치 fixture 1038284: 이벤트=1-2, DB=0-2 (자책골 등 수동 확인 필요)
2026-02-25 19:19:11,969 [WARNING]   ⚠️  스코어 불일치 fixture 1038315: 이벤트=1-2, DB=0-2 (자책골 등 수동 확인 필요)
2026-02-25 19:19:11,969 [WARNING]   ⚠️  스코어 불일치 fixture 1038319: 이벤트=2-2, DB=1-2 (자책골 등 수동 확인 필요)
2026-02-25 19:19:11,974 [WARNING]   ⚠️  스코어 불일치 fixture 1038331: 이벤트=1-2, DB=1-1 (자책골 등 수동 확인 필요)
2026-02-25 19:19:11,979 [WARNING]   ⚠️  스코어 불일치 fixture 1213747: 이벤트=2-5, DB=1-5 (자책골 등 수동 확인 필요)
2026-02-25 19:19:11,979 [WARNING]   ⚠️  스코어 불일치 fixture 1223598: 이벤트=3-2, DB=2-2 (자책골 등 수동 확인 필요)
2026-02-25 19:19:11,982 [WARNING]   ⚠️  스코어 불일치 fixture 1223595: 이벤트=1-2, DB=1-1 (자책골 등 수동 확인 필요)
2026-02-25 19:19:11,983 [WARNING]   ⚠️  스코어 불일치 fixture 1213755: 이벤트=3-1, DB=3-0 (자책골 등 수동 확인 필요)
2026-02-25 19:19:11,985 [WARNING]   ⚠️  스코어 불일치 fixture 1208504: 이벤트=4-1, DB=3-1 (자책골 등 수동 확인 필요)
2026-02-25 19:19:11,985 [WARNING]   ⚠️  스코어 불일치 fixture 1223975: 이벤트=2-4, DB=2-3 (자책골 등 수동 확인 필요)
2026-02-25 19:19:11,993 [WARNING]   ⚠️  스코어 불일치 fixture 1223613: 이벤트=2-2, DB=2-1 (자책골 등 수동 확인 필요)
2026-02-25 19:19:11,993 [WARNING]   ⚠️  스코어 불일치 fixture 1208509: 이벤트=3-1, DB=2-1 (자책골 등 수동 확인 필요)
2026-02-25 19:19:11,995 [WARNING]   ⚠️  스코어 불일치 fixture 1208518: 이벤트=5-3, DB=4-3 (자책골 등 수동 확인 필요)
2026-02-25 19:19:12,004 [WARNING]   ⚠️  스코어 불일치 fixture 1208525: 이벤트=3-0, DB=2-0 (자책골 등 수동 확인 필요)
2026-02-25 19:19:12,005 [WARNING]   ⚠️  스코어 불일치 fixture 1223986: 이벤트=2-1, DB=2-0 (자책골 등 수동 확인 필요)
2026-02-25 19:19:12,006 [WARNING]   ⚠️  스코어 불일치 fixture 1223623: 이벤트=1-1, DB=1-0 (자책골 등 수동 확인 필요)
2026-02-25 19:19:12,007 [WARNING]   ⚠️  스코어 불일치 fixture 1208058: 이벤트=1-3, DB=0-3 (자책골 등 수동 확인 필요)
2026-02-25 19:19:12,008 [WARNING]   ⚠️  스코어 불일치 fixture 1223993: 이벤트=1-0, DB=0-0 (자책골 등 수동 확인 필요)
2026-02-25 19:19:12,011 [WARNING]   ⚠️  스코어 불일치 fixture 1208051: 이벤트=1-1, DB=0-1 (자책골 등 수동 확인 필요)
2026-02-25 19:19:12,018 [WARNING]   ⚠️  스코어 불일치 fixture 1223638: 이벤트=2-4, DB=2-3 (자책골 등 수동 확인 필요)
2026-02-25 19:19:12,019 [WARNING]   ⚠️  스코어 불일치 fixture 1223644: 이벤트=3-0, DB=2-0 (자책골 등 수동 확인 필요)
2026-02-25 19:19:12,025 [WARNING]   ⚠️  스코어 불일치 fixture 1213786: 이벤트=2-1, DB=2-0 (자책골 등 수동 확인 필요)
2026-02-25 19:19:12,026 [WARNING]   ⚠️  스코어 불일치 fixture 1208544: 이벤트=1-6, DB=1-5 (자책골 등 수동 확인 필요)
2026-02-25 19:19:12,027 [WARNING]   ⚠️  스코어 불일치 fixture 1213783: 이벤트=3-3, DB=2-3 (자책골 등 수동 확인 필요)
2026-02-25 19:19:12,031 [INFO]   [ 7500/8996] ( 83.4%)
2026-02-25 19:19:12,032 [WARNING]   ⚠️  스코어 불일치 fixture 1224015: 이벤트=1-3, DB=0-3 (자책골 등 수동 확인 필요)
2026-02-25 19:19:12,032 [WARNING]   ⚠️  스코어 불일치 fixture 1224016: 이벤트=2-3, DB=2-2 (자책골 등 수동 확인 필요)
2026-02-25 19:19:12,032 [WARNING]   ⚠️  스코어 불일치 fixture 1224012: 이벤트=4-1, DB=4-0 (자책골 등 수동 확인 필요)
2026-02-25 19:19:12,035 [WARNING]   ⚠️  스코어 불일치 fixture 1213797: 이벤트=0-4, DB=0-3 (자책골 등 수동 확인 필요)
2026-02-25 19:19:12,038 [WARNING]   ⚠️  스코어 불일치 fixture 1212917: 이벤트=2-0, DB=1-0 (자책골 등 수동 확인 필요)
2026-02-25 19:19:12,039 [WARNING]   ⚠️  스코어 불일치 fixture 1208563: 이벤트=4-1, DB=3-1 (자책골 등 수동 확인 필요)
2026-02-25 19:19:12,042 [WARNING]   ⚠️  스코어 불일치 fixture 1224027: 이벤트=1-4, DB=1-3 (자책골 등 수동 확인 필요)
2026-02-25 19:19:12,044 [WARNING]   ⚠️  스코어 불일치 fixture 1208087: 이벤트=0-1, DB=0-0 (자책골 등 수동 확인 필요)
2026-02-25 19:19:12,045 [WARNING]   ⚠️  스코어 불일치 fixture 1208570: 이벤트=2-3, DB=2-1 (자책골 등 수동 확인 필요)
2026-02-25 19:19:12,046 [WARNING]   ⚠️  스코어 불일치 fixture 1223661: 이벤트=3-1, DB=2-1 (자책골 등 수동 확인 필요)
2026-02-25 19:19:12,048 [WARNING]   ⚠️  스코어 불일치 fixture 1224021: 이벤트=2-1, DB=1-1 (자책골 등 수동 확인 필요)
2026-02-25 19:19:12,048 [WARNING]   ⚠️  스코어 불일치 fixture 1223657: 이벤트=3-3, DB=2-1 (자책골 등 수동 확인 필요)
2026-02-25 19:19:12,051 [WARNING]   ⚠️  스코어 불일치 fixture 1224032: 이벤트=3-2, DB=3-1 (자책골 등 수동 확인 필요)
2026-02-25 19:19:12,051 [WARNING]   ⚠️  스코어 불일치 fixture 1224029: 이벤트=3-1, DB=2-1 (자책골 등 수동 확인 필요)
2026-02-25 19:19:12,052 [WARNING]   ⚠️  스코어 불일치 fixture 1208092: 이벤트=2-3, DB=1-3 (자책골 등 수동 확인 필요)
2026-02-25 19:19:12,056 [WARNING]   ⚠️  스코어 불일치 fixture 1213811: 이벤트=1-2, DB=1-1 (자책골 등 수동 확인 필요)
2026-02-25 19:19:12,056 [WARNING]   ⚠️  스코어 불일치 fixture 1213810: 이벤트=3-1, DB=2-1 (자책골 등 수동 확인 필요)
2026-02-25 19:19:12,064 [WARNING]   ⚠️  스코어 불일치 fixture 1223682: 이벤트=2-1, DB=1-1 (자책골 등 수동 확인 필요)
2026-02-25 19:19:12,079 [WARNING]   ⚠️  스코어 불일치 fixture 1224062: 이벤트=0-1, DB=0-0 (자책골 등 수동 확인 필요)
2026-02-25 19:19:12,086 [WARNING]   ⚠️  스코어 불일치 fixture 1213839: 이벤트=4-1, DB=3-1 (자책골 등 수동 확인 필요)
2026-02-25 19:19:12,086 [WARNING]   ⚠️  스코어 불일치 fixture 1224056: 이벤트=3-3, DB=2-3 (자책골 등 수동 확인 필요)
2026-02-25 19:19:12,087 [WARNING]   ⚠️  스코어 불일치 fixture 1223709: 이벤트=2-1, DB=1-1 (자책골 등 수동 확인 필요)
2026-02-25 19:19:12,091 [WARNING]   ⚠️  스코어 불일치 fixture 1208135: 이벤트=3-2, DB=2-2 (자책골 등 수동 확인 필요)
2026-02-25 19:19:12,094 [WARNING]   ⚠️  스코어 불일치 fixture 1208142: 이벤트=3-3, DB=2-3 (자책골 등 수동 확인 필요)
2026-02-25 19:19:12,097 [WARNING]   ⚠️  스코어 불일치 fixture 1224082: 이벤트=3-2, DB=3-1 (자책골 등 수동 확인 필요)
2026-02-25 19:19:12,101 [WARNING]   ⚠️  스코어 불일치 fixture 1213859: 이벤트=4-1, DB=3-1 (자책골 등 수동 확인 필요)
2026-02-25 19:19:12,107 [WARNING]   ⚠️  스코어 불일치 fixture 1208656: 이벤트=2-2, DB=2-1 (자책골 등 수동 확인 필요)
2026-02-25 19:19:12,117 [WARNING]   ⚠️  스코어 불일치 fixture 1213866: 이벤트=0-3, DB=0-2 (자책골 등 수동 확인 필요)
2026-02-25 19:19:12,121 [WARNING]   ⚠️  스코어 불일치 fixture 1223754: 이벤트=2-3, DB=1-3 (자책골 등 수동 확인 필요)
2026-02-25 19:19:12,122 [WARNING]   ⚠️  스코어 불일치 fixture 1223751: 이벤트=3-1, DB=2-1 (자책골 등 수동 확인 필요)
2026-02-25 19:19:12,129 [WARNING]   ⚠️  스코어 불일치 fixture 1223763: 이벤트=0-3, DB=0-2 (자책골 등 수동 확인 필요)
2026-02-25 19:19:12,129 [INFO]   [ 8000/8996] ( 88.9%)
2026-02-25 19:19:12,130 [WARNING]   ⚠️  스코어 불일치 fixture 1224102: 이벤트=0-2, DB=0-1 (자책골 등 수동 확인 필요)
2026-02-25 19:19:12,132 [WARNING]   ⚠️  스코어 불일치 fixture 1224101: 이벤트=6-1, DB=5-1 (자책골 등 수동 확인 필요)
2026-02-25 19:19:12,136 [WARNING]   ⚠️  스코어 불일치 fixture 1208198: 이벤트=2-1, DB=1-1 (자책골 등 수동 확인 필요)
2026-02-25 19:19:12,138 [WARNING]   ⚠️  스코어 불일치 fixture 1223768: 이벤트=2-2, DB=1-2 (자책골 등 수동 확인 필요)
2026-02-25 19:19:12,139 [WARNING]   ⚠️  스코어 불일치 fixture 1223772: 이벤트=2-0, DB=1-0 (자책골 등 수동 확인 필요)
2026-02-25 19:19:12,140 [WARNING]   ⚠️  스코어 불일치 fixture 1208211: 이벤트=3-2, DB=2-2 (자책골 등 수동 확인 필요)
2026-02-25 19:19:12,140 [WARNING]   ⚠️  스코어 불일치 fixture 1223767: 이벤트=3-0, DB=2-0 (자책골 등 수동 확인 필요)
2026-02-25 19:19:12,142 [WARNING]   ⚠️  스코어 불일치 fixture 1208600: 이벤트=1-3, DB=1-2 (자책골 등 수동 확인 필요)
2026-02-25 19:19:12,148 [WARNING]   ⚠️  스코어 불일치 fixture 1213893: 이벤트=0-1, DB=0-0 (자책골 등 수동 확인 필요)
2026-02-25 19:19:12,151 [WARNING]   ⚠️  스코어 불일치 fixture 1213899: 이벤트=2-2, DB=1-2 (자책골 등 수동 확인 필요)
2026-02-25 19:19:12,151 [WARNING]   ⚠️  스코어 불일치 fixture 1208664: 이벤트=2-2, DB=1-2 (자책골 등 수동 확인 필요)
2026-02-25 19:19:12,159 [WARNING]   ⚠️  스코어 불일치 fixture 1208665: 이벤트=1-3, DB=1-2 (자책골 등 수동 확인 필요)
2026-02-25 19:19:12,161 [WARNING]   ⚠️  스코어 불일치 fixture 1208668: 이벤트=1-1, DB=1-0 (자책골 등 수동 확인 필요)
2026-02-25 19:19:12,172 [WARNING]   ⚠️  스코어 불일치 fixture 1224144: 이벤트=4-0, DB=3-0 (자책골 등 수동 확인 필요)
2026-02-25 19:19:12,176 [WARNING]   ⚠️  스코어 불일치 fixture 1223807: 이벤트=3-0, DB=2-0 (자책골 등 수동 확인 필요)
2026-02-25 19:19:12,177 [WARNING]   ⚠️  스코어 불일치 fixture 1224151: 이벤트=2-0, DB=1-0 (자책골 등 수동 확인 필요)
2026-02-25 19:19:12,177 [WARNING]   ⚠️  스코어 불일치 fixture 1208688: 이벤트=1-1, DB=0-1 (자책골 등 수동 확인 필요)
2026-02-25 19:19:12,181 [WARNING]   ⚠️  스코어 불일치 fixture 1223815: 이벤트=2-1, DB=1-1 (자책골 등 수동 확인 필요)
2026-02-25 19:19:12,186 [WARNING]   ⚠️  스코어 불일치 fixture 1208685: 이벤트=3-1, DB=2-1 (자책골 등 수동 확인 필요)
2026-02-25 19:19:12,197 [WARNING]   ⚠️  스코어 불일치 fixture 1224172: 이벤트=0-2, DB=0-1 (자책골 등 수동 확인 필요)
2026-02-25 19:19:12,201 [WARNING]   ⚠️  스코어 불일치 fixture 1213942: 이벤트=1-1, DB=0-1 (자책골 등 수동 확인 필요)
2026-02-25 19:19:12,202 [WARNING]   ⚠️  스코어 불일치 fixture 1224166: 이벤트=4-1, DB=3-1 (자책골 등 수동 확인 필요)
2026-02-25 19:19:12,203 [WARNING]   ⚠️  스코어 불일치 fixture 1213941: 이벤트=0-3, DB=0-2 (자책골 등 수동 확인 필요)
2026-02-25 19:19:12,203 [WARNING]   ⚠️  스코어 불일치 fixture 1208703: 이벤트=4-0, DB=3-0 (자책골 등 수동 확인 필요)
2026-02-25 19:19:12,204 [WARNING]   ⚠️  스코어 불일치 fixture 1224177: 이벤트=5-1, DB=5-0 (자책골 등 수동 확인 필요)
2026-02-25 19:19:12,209 [WARNING]   ⚠️  스코어 불일치 fixture 1223853: 이벤트=2-2, DB=2-1 (자책골 등 수동 확인 필요)
2026-02-25 19:19:12,216 [WARNING]   ⚠️  스코어 불일치 fixture 1223857: 이벤트=2-0, DB=1-0 (자책골 등 수동 확인 필요)
2026-02-25 19:19:12,221 [WARNING]   ⚠️  스코어 불일치 fixture 1213957: 이벤트=0-5, DB=0-4 (자책골 등 수동 확인 필요)
2026-02-25 19:19:12,225 [WARNING]   ⚠️  스코어 불일치 fixture 1224192: 이벤트=3-3, DB=2-3 (자책골 등 수동 확인 필요)
2026-02-25 19:19:12,228 [INFO]   [ 8500/8996] ( 94.5%)
2026-02-25 19:19:12,229 [WARNING]   ⚠️  스코어 불일치 fixture 1208295: 이벤트=2-0, DB=1-0 (자책골 등 수동 확인 필요)
2026-02-25 19:19:12,230 [WARNING]   ⚠️  스코어 불일치 fixture 1224194: 이벤트=2-2, DB=1-2 (자책골 등 수동 확인 필요)
2026-02-25 19:19:12,230 [WARNING]   ⚠️  스코어 불일치 fixture 1213963: 이벤트=2-1, DB=1-1 (자책골 등 수동 확인 필요)
2026-02-25 19:19:12,232 [WARNING]   ⚠️  스코어 불일치 fixture 1208730: 이벤트=2-0, DB=1-0 (자책골 등 수동 확인 필요)
2026-02-25 19:19:12,236 [WARNING]   ⚠️  스코어 불일치 fixture 1212937: 이벤트=3-1, DB=2-1 (자책골 등 수동 확인 필요)
2026-02-25 19:19:12,239 [WARNING]   ⚠️  스코어 불일치 fixture 1208740: 이벤트=0-2, DB=0-1 (자책골 등 수동 확인 필요)
2026-02-25 19:19:12,244 [WARNING]   ⚠️  스코어 불일치 fixture 1208752: 이벤트=1-2, DB=0-2 (자책골 등 수동 확인 필요)
2026-02-25 19:19:12,246 [WARNING]   ⚠️  스코어 불일치 fixture 1213989: 이벤트=3-1, DB=2-1 (자책골 등 수동 확인 필요)
2026-02-25 19:19:12,248 [WARNING]   ⚠️  스코어 불일치 fixture 1223893: 이벤트=2-2, DB=2-1 (자책골 등 수동 확인 필요)
2026-02-25 19:19:12,254 [WARNING]   ⚠️  스코어 불일치 fixture 1208756: 이벤트=2-2, DB=1-2 (자책골 등 수동 확인 필요)
2026-02-25 19:19:12,257 [WARNING]   ⚠️  스코어 불일치 fixture 1223904: 이벤트=2-1, DB=1-1 (자책골 등 수동 확인 필요)
2026-02-25 19:19:12,257 [WARNING]   ⚠️  스코어 불일치 fixture 1213995: 이벤트=1-1, DB=1-0 (자책골 등 수동 확인 필요)
2026-02-25 19:19:12,263 [WARNING]   ⚠️  스코어 불일치 fixture 1208341: 이벤트=0-5, DB=0-3 (자책골 등 수동 확인 필요)
2026-02-25 19:19:12,269 [WARNING]   ⚠️  스코어 불일치 fixture 1208764: 이벤트=3-2, DB=3-1 (자책골 등 수동 확인 필요)
2026-02-25 19:19:12,270 [WARNING]   ⚠️  스코어 불일치 fixture 1208311: 이벤트=5-1, DB=5-0 (자책골 등 수동 확인 필요)
2026-02-25 19:19:12,270 [WARNING]   ⚠️  스코어 불일치 fixture 1214016: 이벤트=3-1, DB=2-1 (자책골 등 수동 확인 필요)
2026-02-25 19:19:12,283 [WARNING]   ⚠️  스코어 불일치 fixture 1224249: 이벤트=2-4, DB=2-3 (자책골 등 수동 확인 필요)
2026-02-25 19:19:12,283 [WARNING]   ⚠️  스코어 불일치 fixture 1208362: 이벤트=3-1, DB=3-0 (자책골 등 수동 확인 필요)
2026-02-25 19:19:12,286 [WARNING]   ⚠️  스코어 불일치 fixture 1224252: 이벤트=2-1, DB=1-1 (자책골 등 수동 확인 필요)
2026-02-25 19:19:12,291 [WARNING]   ⚠️  스코어 불일치 fixture 1224262: 이벤트=0-2, DB=0-1 (자책골 등 수동 확인 필요)
2026-02-25 19:19:12,312 [WARNING]   ⚠️  스코어 불일치 fixture 1214044: 이벤트=5-2, DB=4-2 (자책골 등 수동 확인 필요)
2026-02-25 19:19:12,313 [WARNING]   ⚠️  스코어 불일치 fixture 1214052: 이벤트=4-1, DB=3-1 (자책골 등 수동 확인 필요)
2026-02-25 19:19:12,314 [WARNING]   ⚠️  스코어 불일치 fixture 1208385: 이벤트=3-3, DB=2-3 (자책골 등 수동 확인 필요)
2026-02-25 19:19:12,319 [WARNING]   ⚠️  스코어 불일치 fixture 1208829: 이벤트=3-0, DB=2-0 (자책골 등 수동 확인 필요)
2026-02-25 19:19:12,324 [INFO]   [ 8996/8996] (100.0%)
2026-02-25 19:19:12,334 [INFO] 
==================================================
2026-02-25 19:19:12,334 [INFO] ✅ 전처리 완료!
2026-02-25 19:19:12,334 [INFO]   경기: 8996 (오류: 0)
2026-02-25 19:19:12,334 [INFO]   구간: 77,335 (평균 8.6/경기)
2026-02-25 19:19:12,334 [INFO]   골:   25,484 (평균 2.83/경기)
2026-02-25 19:19:12,334 [INFO]   퇴장: 1,736
2026-02-25 19:19:12,334 [INFO] ==================================================

2026-02-25 19:22:10,304 [INFO] 📐 Phase 1.1 전처리 시작: 8996경기
2026-02-25 19:22:10,325 [WARNING]   ⚠️  스코어 불일치 fixture 608489: 이벤트=0-0, DB=3-0 (자책골 등 수동 확인 필요)
2026-02-25 19:22:10,413 [INFO]   [  500/8996] (  5.6%)
2026-02-25 19:22:10,508 [INFO]   [ 1000/8996] ( 11.1%)
2026-02-25 19:22:10,604 [INFO]   [ 1500/8996] ( 16.7%)
2026-02-25 19:22:10,702 [INFO]   [ 2000/8996] ( 22.2%)
2026-02-25 19:22:10,802 [INFO]   [ 2500/8996] ( 27.8%)
2026-02-25 19:22:10,904 [INFO]   [ 3000/8996] ( 33.3%)
2026-02-25 19:22:11,004 [INFO]   [ 3500/8996] ( 38.9%)
2026-02-25 19:22:11,107 [INFO]   [ 4000/8996] ( 44.5%)
2026-02-25 19:22:11,209 [INFO]   [ 4500/8996] ( 50.0%)
2026-02-25 19:22:11,310 [INFO]   [ 5000/8996] ( 55.6%)
2026-02-25 19:22:11,411 [INFO]   [ 5500/8996] ( 61.1%)
2026-02-25 19:22:11,541 [INFO]   [ 6000/8996] ( 66.7%)
2026-02-25 19:22:11,647 [INFO]   [ 6500/8996] ( 72.3%)
2026-02-25 19:22:11,760 [INFO]   [ 7000/8996] ( 77.8%)
2026-02-25 19:22:11,869 [INFO]   [ 7500/8996] ( 83.4%)
2026-02-25 19:22:11,975 [INFO]   [ 8000/8996] ( 88.9%)
2026-02-25 19:22:12,088 [INFO]   [ 8500/8996] ( 94.5%)
2026-02-25 19:22:12,202 [INFO]   [ 8996/8996] (100.0%)
2026-02-25 19:22:12,266 [INFO] 
==================================================
2026-02-25 19:22:12,266 [INFO] ✅ 전처리 완료!
2026-02-25 19:22:12,266 [INFO]   경기: 8996 (오류: 0)
2026-02-25 19:22:12,266 [INFO]   구간: 77,234 (평균 8.6/경기)
2026-02-25 19:22:12,266 [INFO]   골:   25,342 (평균 2.82/경기)
2026-02-25 19:22:12,266 [INFO]   퇴장: 1,736
2026-02-25 19:22:12,266 [INFO] ==================================================

